app/build/outputs/logs/manifest-merger-debug-report.txt
-- Merging decision tree log ---
manifest
ADDED from AndroidManifest.xml:2:1
	xmlns:android
		ADDED from AndroidManifest.xml:2:11
	package
		ADDED from AndroidManifest.xml:3:5
		INJECTED from AndroidManifest.xml:0:0
		INJECTED from AndroidManifest.xml:0:0
	android:versionName
		ADDED from AndroidManifest.xml:5:5
	android:versionCode
		ADDED from AndroidManifest.xml:4:5
		INJECTED from AndroidManifest.xml:0:0
		INJECTED from AndroidManifest.xml:0:0
uses-sdk
ADDED from AndroidManifest.xml:7:5
	android:targetSdkVersion
		ADDED from AndroidManifest.xml:9:9
		INJECTED from AndroidManifest.xml:0:0
		INJECTED from AndroidManifest.xml:0:0
	android:minSdkVersion
		ADDED from AndroidManifest.xml:8:9
		INJECTED from AndroidManifest.xml:0:0
		INJECTED from AndroidManifest.xml:0:0
uses-permission#android.permission.ACCESS_NETWORK_STATE
ADDED from AndroidManifest.xml:11:5
	android:name
		ADDED from AndroidManifest.xml:11:22
uses-permission#android.permission.INTERNET
ADDED from AndroidManifest.xml:12:5
	android:name
		ADDED from AndroidManifest.xml:12:22
uses-permission#android.permission.VIBRATE
ADDED from AndroidManifest.xml:14:5
	android:name
		ADDED from AndroidManifest.xml:14:22
application
ADDED from AndroidManifest.xml:16:5
	android:label
		ADDED from AndroidManifest.xml:19:9
	android:allowBackup
		ADDED from AndroidManifest.xml:17:9
	android:icon
		ADDED from AndroidManifest.xml:18:9
	android:theme
		ADDED from AndroidManifest.xml:20:9
activity#com.varchasva.varva.About
ADDED from AndroidManifest.xml:21:9
	android:screenOrientation
		ADDED from AndroidManifest.xml:24:13
	android:label
		ADDED from AndroidManifest.xml:23:13
	android:name
		ADDED from AndroidManifest.xml:22:13
activity#com.varchasva.varva.Register
ADDED from AndroidManifest.xml:26:9
	android:screenOrientation
		ADDED from AndroidManifest.xml:29:13
	android:label
		ADDED from AndroidManifest.xml:28:13
	android:name
		ADDED from AndroidManifest.xml:27:13
activity#com.varchasva.varva.Animate
ADDED from AndroidManifest.xml:31:9
	android:screenOrientation
		ADDED from AndroidManifest.xml:34:13
	android:label
		ADDED from AndroidManifest.xml:33:13
	android:name
		ADDED from AndroidManifest.xml:32:13
intent-filter#android.intent.action.MAIN+android.intent.category.LAUNCHER
ADDED from AndroidManifest.xml:35:13
action#android.intent.action.MAIN
ADDED from AndroidManifest.xml:36:17
	android:name
		ADDED from AndroidManifest.xml:36:25
category#android.intent.category.LAUNCHER
ADDED from AndroidManifest.xml:38:17
	android:name
		ADDED from AndroidManifest.xml:38:27
activity#com.varchasva.varva.Notify
ADDED from AndroidManifest.xml:41:9
	android:screenOrientation
		ADDED from AndroidManifest.xml:44:13
	android:label
		ADDED from AndroidManifest.xml:43:13
	android:name
		ADDED from AndroidManifest.xml:42:13
activity#com.varchasva.varva.Soloadap
ADDED from AndroidManifest.xml:46:9
	android:screenOrientation
		ADDED from AndroidManifest.xml:49:13
	android:label
		ADDED from AndroidManifest.xml:48:13
	android:name
		ADDED from AndroidManifest.xml:47:13
activity#com.varchasva.varva.First
ADDED from AndroidManifest.xml:51:9
	android:screenOrientation
		ADDED from AndroidManifest.xml:54:13
	android:label
		ADDED from AndroidManifest.xml:53:13
	android:name
		ADDED from AndroidManifest.xml:52:13
activity#com.varchasva.varva.Callofduty
ADDED from AndroidManifest.xml:56:9
	android:screenOrientation
		ADDED from AndroidManifest.xml:59:13
	android:label
		ADDED from AndroidManifest.xml:58:13
	android:name
		ADDED from AndroidManifest.xml:57:13
activity#com.varchasva.varva.Bands
ADDED from AndroidManifest.xml:61:9
	android:screenOrientation
		ADDED from AndroidManifest.xml:64:13
	android:label
		ADDED from AndroidManifest.xml:63:13
	android:name
		ADDED from AndroidManifest.xml:62:13
activity#com.varchasva.varva.Inssolo1
ADDED from AndroidManifest.xml:66:9
	android:screenOrientation
		ADDED from AndroidManifest.xml:69:13
	android:label
		ADDED from AndroidManifest.xml:68:13
	android:name
		ADDED from AndroidManifest.xml:67:13
activity#com.varchasva.varva.Inssolo2
ADDED from AndroidManifest.xml:71:9
	android:screenOrientation
		ADDED from AndroidManifest.xml:74:13
	android:label
		ADDED from AndroidManifest.xml:73:13
	android:name
		ADDED from AndroidManifest.xml:72:13
activity#com.varchasva.varva.Vocal
ADDED from AndroidManifest.xml:76:9
	android:screenOrientation
		ADDED from AndroidManifest.xml:79:13
	android:label
		ADDED from AndroidManifest.xml:78:13
	android:name
		ADDED from AndroidManifest.xml:77:13
activity#com.varchasva.varva.Music
ADDED from AndroidManifest.xml:81:9
	android:screenOrientation
		ADDED from AndroidManifest.xml:84:13
	android:label
		ADDED from AndroidManifest.xml:83:13
	android:name
		ADDED from AndroidManifest.xml:82:13
activity#com.varchasva.varva.Sketching
ADDED from AndroidManifest.xml:86:9
	android:screenOrientation
		ADDED from AndroidManifest.xml:89:13
	android:label
		ADDED from AndroidManifest.xml:88:13
	android:name
		ADDED from AndroidManifest.xml:87:13
activity#com.varchasva.varva.Face
ADDED from AndroidManifest.xml:91:9
	android:screenOrientation
		ADDED from AndroidManifest.xml:94:13
	android:label
		ADDED from AndroidManifest.xml:93:13
	android:name
		ADDED from AndroidManifest.xml:92:13
activity#com.varchasva.varva.Dumbcharades
ADDED from AndroidManifest.xml:96:9
	android:screenOrientation
		ADDED from AndroidManifest.xml:99:13
	android:label
		ADDED from AndroidManifest.xml:98:13
	android:name
		ADDED from AndroidManifest.xml:97:13
activity#com.varchasva.varva.Collage
ADDED from AndroidManifest.xml:101:9
	android:screenOrientation
		ADDED from AndroidManifest.xml:104:13
	android:label
		ADDED from AndroidManifest.xml:103:13
	android:name
		ADDED from AndroidManifest.xml:102:13
activity#com.varchasva.varva.Filmyfunda
ADDED from AndroidManifest.xml:106:9
	android:screenOrientation
		ADDED from AndroidManifest.xml:109:13
	android:label
		ADDED from AndroidManifest.xml:108:13
	android:name
		ADDED from AndroidManifest.xml:107:13
activity#com.varchasva.varva.Antakshari
ADDED from AndroidManifest.xml:111:9
	android:screenOrientation
		ADDED from AndroidManifest.xml:114:13
	android:label
		ADDED from AndroidManifest.xml:113:13
	android:name
		ADDED from AndroidManifest.xml:112:13
activity#com.varchasva.varva.Slowdrag
ADDED from AndroidManifest.xml:116:9
	android:screenOrientation
		ADDED from AndroidManifest.xml:119:13
	android:label
		ADDED from AndroidManifest.xml:118:13
	android:name
		ADDED from AndroidManifest.xml:117:13
activity#com.varchasva.varva.MainActivity
ADDED from AndroidManifest.xml:121:9
	android:screenOrientation
		ADDED from AndroidManifest.xml:124:13
	android:label
		ADDED from AndroidManifest.xml:123:13
	android:name
		ADDED from AndroidManifest.xml:122:13
activity#com.varchasva.varva.NewsFeed
ADDED from AndroidManifest.xml:126:9
	android:screenOrientation
		ADDED from AndroidManifest.xml:129:13
	android:label
		ADDED from AndroidManifest.xml:128:13
	android:name
		ADDED from AndroidManifest.xml:127:13
activity#com.varchasva.varva.Fifa
ADDED from AndroidManifest.xml:131:9
	android:screenOrientation
		ADDED from AndroidManifest.xml:134:13
	android:label
		ADDED from AndroidManifest.xml:133:13
	android:name
		ADDED from AndroidManifest.xml:132:13
activity#com.varchasva.varva.Spotclick
ADDED from AndroidManifest.xml:136:9
	android:screenOrientation
		ADDED from AndroidManifest.xml:139:13
	android:label
		ADDED from AndroidManifest.xml:138:13
	android:name
		ADDED from AndroidManifest.xml:137:13
activity#com.varchasva.varva.Counterstrike
ADDED from AndroidManifest.xml:141:9
	android:screenOrientation
		ADDED from AndroidManifest.xml:144:13
	android:label
		ADDED from AndroidManifest.xml:143:13
	android:name
		ADDED from AndroidManifest.xml:142:13
activity#com.varchasva.varva.Roadrash
ADDED from AndroidManifest.xml:146:9
	android:screenOrientation
		ADDED from AndroidManifest.xml:149:13
	android:label
		ADDED from AndroidManifest.xml:148:13
	android:name
		ADDED from AndroidManifest.xml:147:13
activity#com.varchasva.varva.History
ADDED from AndroidManifest.xml:151:9
	android:screenOrientation
		ADDED from AndroidManifest.xml:154:13
	android:label
		ADDED from AndroidManifest.xml:153:13
	android:name
		ADDED from AndroidManifest.xml:152:13
activity#com.varchasva.varva.Coordinators
ADDED from AndroidManifest.xml:156:9
	android:screenOrientation
		ADDED from AndroidManifest.xml:159:13
	android:label
		ADDED from AndroidManifest.xml:158:13
	android:name
		ADDED from AndroidManifest.xml:157:13
activity#com.varchasva.varva.Enroll
ADDED from AndroidManifest.xml:161:9
	android:screenOrientation
		ADDED from AndroidManifest.xml:164:13
	android:label
		ADDED from AndroidManifest.xml:163:13
	android:name
		ADDED from AndroidManifest.xml:162:13
activity#com.varchasva.varva.Page
ADDED from AndroidManifest.xml:166:9
	android:screenOrientation
		ADDED from AndroidManifest.xml:169:13
	android:label
		ADDED from AndroidManifest.xml:168:13
	android:name
		ADDED from AndroidManifest.xml:167:13
activity#com.varchasva.varva.Sports
ADDED from AndroidManifest.xml:171:9
	android:screenOrientation
		ADDED from AndroidManifest.xml:174:13
	android:label
		ADDED from AndroidManifest.xml:173:13
	android:name
		ADDED from AndroidManifest.xml:172:13
activity#com.varchasva.varva.Developers
ADDED from AndroidManifest.xml:176:9
	android:screenOrientation
		ADDED from AndroidManifest.xml:179:13
	android:label
		ADDED from AndroidManifest.xml:178:13
	android:name
		ADDED from AndroidManifest.xml:177:13
activity#com.varchasva.varva.Dance
ADDED from AndroidManifest.xml:181:9
	android:screenOrientation
		ADDED from AndroidManifest.xml:184:13
	android:label
		ADDED from AndroidManifest.xml:183:13
	android:name
		ADDED from AndroidManifest.xml:182:13
activity#com.varchasva.varva.Quiz
ADDED from AndroidManifest.xml:186:9
	android:screenOrientation
		ADDED from AndroidManifest.xml:189:13
	android:label
		ADDED from AndroidManifest.xml:188:13
	android:name
		ADDED from AndroidManifest.xml:187:13
activity#com.varchasva.varva.Gaming
ADDED from AndroidManifest.xml:191:9
	android:screenOrientation
		ADDED from AndroidManifest.xml:194:13
	android:label
		ADDED from AndroidManifest.xml:193:13
	android:name
		ADDED from AndroidManifest.xml:192:13
activity#com.varchasva.varva.Informal
ADDED from AndroidManifest.xml:196:9
	android:screenOrientation
		ADDED from AndroidManifest.xml:199:13
	android:label
		ADDED from AndroidManifest.xml:198:13
	android:name
		ADDED from AndroidManifest.xml:197:13
activity#com.varchasva.varva.BigEvents
ADDED from AndroidManifest.xml:201:9
	android:screenOrientation
		ADDED from AndroidManifest.xml:204:13
	android:label
		ADDED from AndroidManifest.xml:203:13
	android:name
		ADDED from AndroidManifest.xml:202:13
activity#com.varchasva.varva.Art
ADDED from AndroidManifest.xml:206:9
	android:screenOrientation
		ADDED from AndroidManifest.xml:209:13
	android:label
		ADDED from AndroidManifest.xml:208:13
	android:name
		ADDED from AndroidManifest.xml:207:13
activity#com.varchasva.varva.Rules
ADDED from AndroidManifest.xml:211:9
	android:screenOrientation
		ADDED from AndroidManifest.xml:214:13
	android:label
		ADDED from AndroidManifest.xml:213:13
	android:name
		ADDED from AndroidManifest.xml:212:13
activity#com.varchasva.varva.Fashion
ADDED from AndroidManifest.xml:216:9
	android:screenOrientation
		ADDED from AndroidManifest.xml:219:13
	android:label
		ADDED from AndroidManifest.xml:218:13
	android:name
		ADDED from AndroidManifest.xml:217:13
activity#com.varchasva.varva.Mehandi
ADDED from AndroidManifest.xml:221:9
	android:screenOrientation
		ADDED from AndroidManifest.xml:224:13
	android:label
		ADDED from AndroidManifest.xml:223:13
	android:name
		ADDED from AndroidManifest.xml:222:13
activity#com.varchasva.varva.Rangoli
ADDED from AndroidManifest.xml:226:9
	android:screenOrientation
		ADDED from AndroidManifest.xml:229:13
	android:label
		ADDED from AndroidManifest.xml:228:13
	android:name
		ADDED from AndroidManifest.xml:227:13
activity#com.varchasva.varva.Location
ADDED from AndroidManifest.xml:231:9
	android:screenOrientation
		ADDED from AndroidManifest.xml:234:13
	android:label
		ADDED from AndroidManifest.xml:233:13
	android:name
		ADDED from AndroidManifest.xml:232:13
activity#com.varchasva.varva.Bike
ADDED from AndroidManifest.xml:236:9
	android:screenOrientation
		ADDED from AndroidManifest.xml:239:13
	android:label
		ADDED from AndroidManifest.xml:238:13
	android:name
		ADDED from AndroidManifest.xml:237:13
activity#com.varchasva.varva.Street
ADDED from AndroidManifest.xml:241:9
	android:screenOrientation
		ADDED from AndroidManifest.xml:244:13
	android:label
		ADDED from AndroidManifest.xml:243:13
	android:name
		ADDED from AndroidManifest.xml:242:13
activity#com.varchasva.varva.Djnight
ADDED from AndroidManifest.xml:246:9
	android:screenOrientation
		ADDED from AndroidManifest.xml:249:13
	android:label
		ADDED from AndroidManifest.xml:248:13
	android:name
		ADDED from AndroidManifest.xml:247:13
activity#com.varchasva.varva.Western
ADDED from AndroidManifest.xml:251:9
	android:screenOrientation
		ADDED from AndroidManifest.xml:254:13
	android:label
		ADDED from AndroidManifest.xml:253:13
	android:name
		ADDED from AndroidManifest.xml:252:13
activity#com.varchasva.varva.Eastern
ADDED from AndroidManifest.xml:256:9
	android:screenOrientation
		ADDED from AndroidManifest.xml:259:13
	android:label
		ADDED from AndroidManifest.xml:258:13
	android:name
		ADDED from AndroidManifest.xml:257:13
activity#com.varchasva.varva.Jodino
ADDED from AndroidManifest.xml:261:9
	android:screenOrientation
		ADDED from AndroidManifest.xml:264:13
	android:label
		ADDED from AndroidManifest.xml:263:13
	android:name
		ADDED from AndroidManifest.xml:262:13
activity#com.varchasva.varva.Solodance
ADDED from AndroidManifest.xml:266:9
	android:screenOrientation
		ADDED from AndroidManifest.xml:269:13
	android:label
		ADDED from AndroidManifest.xml:268:13
	android:name
		ADDED from AndroidManifest.xml:267:13
activity#com.varchasva.varva.Roadrace
ADDED from AndroidManifest.xml:271:9
	android:screenOrientation
		ADDED from AndroidManifest.xml:274:13
	android:label
		ADDED from AndroidManifest.xml:273:13
	android:name
		ADDED from AndroidManifest.xml:272:13
activity#com.varchasva.varva.Nfs
ADDED from AndroidManifest.xml:276:9
	android:screenOrientation
		ADDED from AndroidManifest.xml:279:13
	android:label
		ADDED from AndroidManifest.xml:278:13
	android:name
		ADDED from AndroidManifest.xml:277:13
activity#com.varchasva.varva.Dota
ADDED from AndroidManifest.xml:281:9
	android:screenOrientation
		ADDED from AndroidManifest.xml:284:13
	android:label
		ADDED from AndroidManifest.xml:283:13
	android:name
		ADDED from AndroidManifest.xml:282:13
activity#com.varchasva.varva.Cod
ADDED from AndroidManifest.xml:286:9
	android:screenOrientation
		ADDED from AndroidManifest.xml:289:13
	android:label
		ADDED from AndroidManifest.xml:288:13
	android:name
		ADDED from AndroidManifest.xml:287:13
activity#com.varchasva.varva.Madads
ADDED from AndroidManifest.xml:291:9
	android:screenOrientation
		ADDED from AndroidManifest.xml:294:13
	android:label
		ADDED from AndroidManifest.xml:293:13
	android:name
		ADDED from AndroidManifest.xml:292:13
activity#com.varchasva.varva.Hogothon
ADDED from AndroidManifest.xml:296:9
	android:screenOrientation
		ADDED from AndroidManifest.xml:299:13
	android:label
		ADDED from AndroidManifest.xml:298:13
	android:name
		ADDED from AndroidManifest.xml:297:13
activity#com.varchasva.varva.World
ADDED from AndroidManifest.xml:301:9
	android:screenOrientation
		ADDED from AndroidManifest.xml:304:13
	android:label
		ADDED from AndroidManifest.xml:303:13
	android:name
		ADDED from AndroidManifest.xml:302:13
activity#com.varchasva.varva.Normal
ADDED from AndroidManifest.xml:306:9
	android:screenOrientation
		ADDED from AndroidManifest.xml:309:13
	android:label
		ADDED from AndroidManifest.xml:308:13
	android:name
		ADDED from AndroidManifest.xml:307:13
activity#com.varchasva.varva.Minicricket
ADDED from AndroidManifest.xml:311:9
	android:screenOrientation
		ADDED from AndroidManifest.xml:314:13
	android:label
		ADDED from AndroidManifest.xml:313:13
	android:name
		ADDED from AndroidManifest.xml:312:13
activity#com.varchasva.varva.Minifootball
ADDED from AndroidManifest.xml:316:9
	android:screenOrientation
		ADDED from AndroidManifest.xml:319:13
	android:label
		ADDED from AndroidManifest.xml:318:13
	android:name
		ADDED from AndroidManifest.xml:317:13
activity#com.varchasva.varva.Minibasketball
ADDED from AndroidManifest.xml:321:9
	android:screenOrientation
		ADDED from AndroidManifest.xml:324:13
	android:label
		ADDED from AndroidManifest.xml:323:13
	android:name
		ADDED from AndroidManifest.xml:322:13
activity#com.varchasva.varva.Minivolleyball
ADDED from AndroidManifest.xml:326:9
	android:screenOrientation
		ADDED from AndroidManifest.xml:329:13
	android:label
		ADDED from AndroidManifest.xml:328:13
	android:name
		ADDED from AndroidManifest.xml:327:13
activity#com.varchasva.varva.India
ADDED from AndroidManifest.xml:331:9
	android:screenOrientation
		ADDED from AndroidManifest.xml:334:13
	android:label
		ADDED from AndroidManifest.xml:333:13
	android:name
		ADDED from AndroidManifest.xml:332:13
activity#com.varchasva.varva.General
ADDED from AndroidManifest.xml:336:9
	android:screenOrientation
		ADDED from AndroidManifest.xml:339:13
	android:label
		ADDED from AndroidManifest.xml:338:13
	android:name
		ADDED from AndroidManifest.xml:337:13
activity#com.varchasva.varva.Sudoku
ADDED from AndroidManifest.xml:341:9
	android:screenOrientation
		ADDED from AndroidManifest.xml:344:13
	android:label
		ADDED from AndroidManifest.xml:343:13
	android:name
		ADDED from AndroidManifest.xml:342:13
activity#com.varchasva.varva.Writing
ADDED from AndroidManifest.xml:346:9
	android:screenOrientation
		ADDED from AndroidManifest.xml:349:13
	android:label
		ADDED from AndroidManifest.xml:348:13
	android:name
		ADDED from AndroidManifest.xml:347:13
activity#com.varchasva.varva.Treasure
ADDED from AndroidManifest.xml:351:9
	android:screenOrientation
		ADDED from AndroidManifest.xml:354:13
	android:label
		ADDED from AndroidManifest.xml:353:13
	android:name
		ADDED from AndroidManifest.xml:352:13
activity#com.varchasva.varva.Lagori
ADDED from AndroidManifest.xml:356:9
	android:screenOrientation
		ADDED from AndroidManifest.xml:359:13
	android:label
		ADDED from AndroidManifest.xml:358:13
	android:name
		ADDED from AndroidManifest.xml:357:13
activity#com.varchasva.varva.Tugofwar
ADDED from AndroidManifest.xml:361:9
	android:screenOrientation
		ADDED from AndroidManifest.xml:364:13
	android:label
		ADDED from AndroidManifest.xml:363:13
	android:name
		ADDED from AndroidManifest.xml:362:13
activity#com.varchasva.varva.Tutorial
ADDED from AndroidManifest.xml:366:9
	android:label
		ADDED from AndroidManifest.xml:368:13
	android:theme
		ADDED from AndroidManifest.xml:369:13
	android:name
		ADDED from AndroidManifest.xml:367:13
activity#com.varchasva.varva.Whatsnew
ADDED from AndroidManifest.xml:371:9
	android:label
		ADDED from AndroidManifest.xml:373:13
	android:theme
		ADDED from AndroidManifest.xml:374:13
	android:name
		ADDED from AndroidManifest.xml:372:13
activity#com.varchasva.varva.Sponsor
ADDED from AndroidManifest.xml:376:9
	android:label
		ADDED from AndroidManifest.xml:378:13
	android:name
		ADDED from AndroidManifest.xml:377:13